[32m2025-06-27 13:22:16 -0700[0m - dagster - [34mDEBUG[0m - __ASSET_JOB - 3cb3c569-dbf4-4c07-b572-f6822f105949 - 43156 - LOGS_CAPTURED - Started capturing logs in process (pid: 43156).
[32m2025-06-27 13:22:16 -0700[0m - dagster - [34mDEBUG[0m - __ASSET_JOB - 3cb3c569-dbf4-4c07-b572-f6822f105949 - 43156 - run_dbt_9c3a4 - STEP_START - Started execution of step "run_dbt_9c3a4".
[32m2025-06-27 13:22:16 -0700[0m - dagster - [34mINFO[0m - __ASSET_JOB - 3cb3c569-dbf4-4c07-b572-f6822f105949 - run_dbt_9c3a4 - A dbt subsetted execution is not being performed. Using the default dbt selection arguments `[]`.
[32m2025-06-27 13:22:16 -0700[0m - dagster - [34mINFO[0m - __ASSET_JOB - 3cb3c569-dbf4-4c07-b572-f6822f105949 - run_dbt_9c3a4 - Copying `/Users/cdcoonce/Documents/GitHub/Energy_Pipeline_Project/dbt_project/target/partial_parse.msgpack` to `/Users/cdcoonce/Documents/GitHub/Energy_Pipeline_Project/dbt_project/target/run_dbt_9c3a4-3cb3c56-444812b/partial_parse.msgpack` to take advantage of partial parsing.
[32m2025-06-27 13:22:16 -0700[0m - dagster - [34mINFO[0m - __ASSET_JOB - 3cb3c569-dbf4-4c07-b572-f6822f105949 - run_dbt_9c3a4 - Running dbt command: `dbt build --select fqn:*`.
[32m2025-06-27 13:22:18 -0700[0m - dagster - [34mDEBUG[0m - __ASSET_JOB - 3cb3c569-dbf4-4c07-b572-f6822f105949 - 43156 - run_dbt_9c3a4 - STEP_OUTPUT - Yielded output "model_energy_pipeline_project_plant_efficiency" of type "Nothing". (Type check passed).
[32m2025-06-27 13:22:18 -0700[0m - dagster - [34mDEBUG[0m - __ASSET_JOB - 3cb3c569-dbf4-4c07-b572-f6822f105949 - 43156 - run_dbt_9c3a4 - ASSET_MATERIALIZATION - Materialized value plant_efficiency.
[32m2025-06-27 13:22:18 -0700[0m - dagster - [34mDEBUG[0m - __ASSET_JOB - 3cb3c569-dbf4-4c07-b572-f6822f105949 - 43156 - run_dbt_9c3a4 - STEP_OUTPUT - Yielded output "model_energy_pipeline_project_power_summary" of type "Nothing". (Type check passed).
[32m2025-06-27 13:22:18 -0700[0m - dagster - [34mDEBUG[0m - __ASSET_JOB - 3cb3c569-dbf4-4c07-b572-f6822f105949 - 43156 - run_dbt_9c3a4 - ASSET_MATERIALIZATION - Materialized value power_summary.
[32m2025-06-27 13:22:18 -0700[0m - dagster - [34mDEBUG[0m - __ASSET_JOB - 3cb3c569-dbf4-4c07-b572-f6822f105949 - 43156 - run_dbt_9c3a4 - STEP_OUTPUT - Yielded output "model_energy_pipeline_project_power_with_locations" of type "Nothing". (Type check passed).
[32m2025-06-27 13:22:18 -0700[0m - dagster - [34mDEBUG[0m - __ASSET_JOB - 3cb3c569-dbf4-4c07-b572-f6822f105949 - 43156 - run_dbt_9c3a4 - ASSET_MATERIALIZATION - Materialized value power_with_locations.
[32m2025-06-27 13:22:18 -0700[0m - dagster - [34mDEBUG[0m - __ASSET_JOB - 3cb3c569-dbf4-4c07-b572-f6822f105949 - 43156 - run_dbt_9c3a4 - ASSET_OBSERVATION - ASSET_OBSERVATION for step run_dbt_9c3a4
[32m2025-06-27 13:22:18 -0700[0m - dagster - [34mDEBUG[0m - __ASSET_JOB - 3cb3c569-dbf4-4c07-b572-f6822f105949 - 43156 - run_dbt_9c3a4 - ASSET_OBSERVATION - ASSET_OBSERVATION for step run_dbt_9c3a4
[32m2025-06-27 13:22:18 -0700[0m - dagster - [34mDEBUG[0m - __ASSET_JOB - 3cb3c569-dbf4-4c07-b572-f6822f105949 - 43156 - run_dbt_9c3a4 - ASSET_OBSERVATION - ASSET_OBSERVATION for step run_dbt_9c3a4
[32m2025-06-27 13:22:18 -0700[0m - dagster - [34mDEBUG[0m - __ASSET_JOB - 3cb3c569-dbf4-4c07-b572-f6822f105949 - 43156 - run_dbt_9c3a4 - ASSET_OBSERVATION - ASSET_OBSERVATION for step run_dbt_9c3a4
[32m2025-06-27 13:22:18 -0700[0m - dagster - [34mDEBUG[0m - __ASSET_JOB - 3cb3c569-dbf4-4c07-b572-f6822f105949 - 43156 - run_dbt_9c3a4 - ASSET_OBSERVATION - ASSET_OBSERVATION for step run_dbt_9c3a4
[32m2025-06-27 13:22:18 -0700[0m - dagster - [34mDEBUG[0m - __ASSET_JOB - 3cb3c569-dbf4-4c07-b572-f6822f105949 - 43156 - run_dbt_9c3a4 - STEP_OUTPUT - Yielded output "model_energy_pipeline_project_power_trends_by_day" of type "Nothing". (Type check passed).
[32m2025-06-27 13:22:18 -0700[0m - dagster - [34mDEBUG[0m - __ASSET_JOB - 3cb3c569-dbf4-4c07-b572-f6822f105949 - 43156 - run_dbt_9c3a4 - ASSET_MATERIALIZATION - Materialized value power_trends_by_day.
[32m2025-06-27 13:22:18 -0700[0m - dagster - [34mINFO[0m - __ASSET_JOB - 3cb3c569-dbf4-4c07-b572-f6822f105949 - run_dbt_9c3a4 - Finished dbt command: `dbt build --select fqn:*`.
[32m2025-06-27 13:22:18 -0700[0m - dagster - [34mDEBUG[0m - __ASSET_JOB - 3cb3c569-dbf4-4c07-b572-f6822f105949 - 43156 - run_dbt_9c3a4 - STEP_SUCCESS - Finished execution of step "run_dbt_9c3a4" in 1.99s.
