Running with dbt=1.6.18
Registered adapter: duckdb=1.6.2
Found 4 models, 5 tests, 2 sources, 0 exposures, 0 metrics, 351 macros, 0 groups, 0 semantic models

Concurrency: 1 threads (target='dev')

1 of 9 START sql table model main.plant_efficiency ............................. [RUN]
1 of 9 OK created sql table model main.plant_efficiency ........................ [[32mOK[0m in 0.08s]
2 of 9 START sql table model main.power_summary ................................ [RUN]
2 of 9 OK created sql table model main.power_summary ........................... [[32mOK[0m in 0.04s]
3 of 9 START sql table model main.power_with_locations ......................... [RUN]
3 of 9 OK created sql table model main.power_with_locations .................... [[32mOK[0m in 0.05s]
4 of 9 START test not_null_plant_efficiency_efficiency ......................... [RUN]
4 of 9 PASS not_null_plant_efficiency_efficiency ............................... [[32mPASS[0m in 0.03s]
5 of 9 START test not_null_plant_efficiency_plant_id ........................... [RUN]
5 of 9 PASS not_null_plant_efficiency_plant_id ................................. [[32mPASS[0m in 0.02s]
6 of 9 START test not_null_power_summary_avg_power_output ...................... [RUN]
6 of 9 PASS not_null_power_summary_avg_power_output ............................ [[32mPASS[0m in 0.02s]
7 of 9 START test not_null_power_summary_site .................................. [RUN]
7 of 9 PASS not_null_power_summary_site ........................................ [[32mPASS[0m in 0.02s]
8 of 9 START test unique_power_summary_site .................................... [RUN]
8 of 9 PASS unique_power_summary_site .......................................... [[32mPASS[0m in 0.02s]
9 of 9 START sql table model main.power_trends_by_day .......................... [RUN]
9 of 9 OK created sql table model main.power_trends_by_day ..................... [[32mOK[0m in 0.04s]

Finished running 4 table models, 5 tests in 0 hours 0 minutes and 0.45 seconds (0.45s).

[32mCompleted successfully[0m

Done. PASS=9 WARN=0 ERROR=0 SKIP=0 TOTAL=9
