[0m11:47:05.349601 [debug] [MainThread]: Sending event: {'category': 'dbt', 'action': 'invocation', 'label': 'start', 'context': [<snowplow_tracker.self_describing_json.SelfDescribingJson object at 0x111c83040>, <snowplow_tracker.self_describing_json.SelfDescribingJson object at 0x1136d8a30>, <snowplow_tracker.self_describing_json.SelfDescribingJson object at 0x1136d8d60>]}


============================== 11:47:05.353113 | 1165f376-a427-477b-b56c-b593406b7984 ==============================
[0m11:47:05.353113 [info ] [MainThread]: Running with dbt=1.10.2
[0m11:47:05.353574 [debug] [MainThread]: running dbt with arguments {'printer_width': '80', 'indirect_selection': 'eager', 'log_cache_events': 'False', 'write_json': 'True', 'partial_parse': 'True', 'cache_selected_only': 'False', 'warn_error': 'None', 'fail_fast': 'False', 'debug': 'False', 'log_path': 'logs', 'version_check': 'True', 'profiles_dir': '/Users/cdcoonce/.dbt', 'use_colors': 'True', 'use_experimental_parser': 'False', 'empty': 'None', 'quiet': 'False', 'no_print': 'None', 'warn_error_options': 'WarnErrorOptionsV2(error=[], warn=[], silence=[])', 'introspect': 'True', 'log_format': 'default', 'invocation_command': 'dbt init dbt_project', 'target_path': 'None', 'static_parser': 'True', 'send_anonymous_usage_stats': 'True'}
[0m11:47:05.364857 [info ] [MainThread]: Creating dbt configuration folder at /Users/cdcoonce/.dbt
[0m11:47:05.365831 [info ] [MainThread]: A project called dbt_project already exists here.
[0m11:47:05.368356 [debug] [MainThread]: Resource report: {"command_name": "init", "command_success": true, "command_wall_clock_time": 0.080251165, "process_in_blocks": "0", "process_kernel_time": 0.176692, "process_mem_max_rss": "98893824", "process_out_blocks": "0", "process_user_time": 1.091165}
[0m11:47:05.368862 [debug] [MainThread]: Command `dbt init` succeeded at 11:47:05.368773 after 0.08 seconds
[0m11:47:05.369181 [debug] [MainThread]: Sending event: {'category': 'dbt', 'action': 'invocation', 'label': 'end', 'context': [<snowplow_tracker.self_describing_json.SelfDescribingJson object at 0x111c83040>, <snowplow_tracker.self_describing_json.SelfDescribingJson object at 0x1136b9ca0>, <snowplow_tracker.self_describing_json.SelfDescribingJson object at 0x11367e340>]}
[0m11:47:05.369512 [debug] [MainThread]: Flushing usage events
[0m11:47:05.755997 [debug] [MainThread]: An error was encountered while trying to flush usage events
[0m11:53:28.752923 [debug] [MainThread]: Sending event: {'category': 'dbt', 'action': 'invocation', 'label': 'start', 'context': [<snowplow_tracker.self_describing_json.SelfDescribingJson object at 0x105424dc0>, <snowplow_tracker.self_describing_json.SelfDescribingJson object at 0x1064836a0>, <snowplow_tracker.self_describing_json.SelfDescribingJson object at 0x1064839d0>]}


============================== 11:53:28.756420 | 1f8eec61-2b3a-47ac-852f-3df5a71b48f8 ==============================
[0m11:53:28.756420 [info ] [MainThread]: Running with dbt=1.10.2
[0m11:53:28.756876 [debug] [MainThread]: running dbt with arguments {'printer_width': '80', 'indirect_selection': 'eager', 'log_cache_events': 'False', 'write_json': 'True', 'partial_parse': 'True', 'cache_selected_only': 'False', 'warn_error': 'None', 'debug': 'False', 'profiles_dir': '/Users/cdcoonce/.dbt', 'log_path': 'logs', 'fail_fast': 'False', 'version_check': 'True', 'use_colors': 'True', 'use_experimental_parser': 'False', 'no_print': 'None', 'quiet': 'False', 'empty': 'None', 'log_format': 'default', 'introspect': 'True', 'static_parser': 'True', 'invocation_command': 'dbt debug', 'target_path': 'None', 'warn_error_options': 'WarnErrorOptionsV2(error=[], warn=[], silence=[])', 'send_anonymous_usage_stats': 'True'}
[0m11:53:28.769210 [info ] [MainThread]: dbt version: 1.10.2
[0m11:53:28.769686 [info ] [MainThread]: python version: 3.9.6
[0m11:53:28.769959 [info ] [MainThread]: python path: /Users/cdcoonce/Documents/GitHub/Energy_Pipeline_Project/.venv/bin/python3
[0m11:53:28.770204 [info ] [MainThread]: os info: macOS-15.5-arm64-arm-64bit
[0m11:53:28.770466 [info ] [MainThread]: Using profiles dir at /Users/cdcoonce/.dbt
[0m11:53:28.770709 [info ] [MainThread]: Using profiles.yml file at /Users/cdcoonce/.dbt/profiles.yml
[0m11:53:28.770930 [info ] [MainThread]: Using dbt_project.yml file at /Users/cdcoonce/Documents/GitHub/Energy_Pipeline_Project/dbt_project.yml
[0m11:53:28.771155 [info ] [MainThread]: Configuration:
[0m11:53:28.771376 [info ] [MainThread]:   profiles.yml file [[31mERROR not found[0m]
[0m11:53:28.771587 [info ] [MainThread]:   dbt_project.yml file [[31mERROR not found[0m]
[0m11:53:28.771798 [info ] [MainThread]: Required dependencies:
[0m11:53:28.772086 [debug] [MainThread]: Executing "git --help"
[0m11:53:28.788746 [debug] [MainThread]: STDOUT: "b"usage: git [-v | --version] [-h | --help] [-C <path>] [-c <name>=<value>]\n           [--exec-path[=<path>]] [--html-path] [--man-path] [--info-path]\n           [-p | --paginate | -P | --no-pager] [--no-replace-objects] [--bare]\n           [--git-dir=<path>] [--work-tree=<path>] [--namespace=<name>]\n           [--super-prefix=<path>] [--config-env=<name>=<envvar>]\n           <command> [<args>]\n\nThese are common Git commands used in various situations:\n\nstart a working area (see also: git help tutorial)\n   clone     Clone a repository into a new directory\n   init      Create an empty Git repository or reinitialize an existing one\n\nwork on the current change (see also: git help everyday)\n   add       Add file contents to the index\n   mv        Move or rename a file, a directory, or a symlink\n   restore   Restore working tree files\n   rm        Remove files from the working tree and from the index\n\nexamine the history and state (see also: git help revisions)\n   bisect    Use binary search to find the commit that introduced a bug\n   diff      Show changes between commits, commit and working tree, etc\n   grep      Print lines matching a pattern\n   log       Show commit logs\n   show      Show various types of objects\n   status    Show the working tree status\n\ngrow, mark and tweak your common history\n   branch    List, create, or delete branches\n   commit    Record changes to the repository\n   merge     Join two or more development histories together\n   rebase    Reapply commits on top of another base tip\n   reset     Reset current HEAD to the specified state\n   switch    Switch branches\n   tag       Create, list, delete or verify a tag object signed with GPG\n\ncollaborate (see also: git help workflows)\n   fetch     Download objects and refs from another repository\n   pull      Fetch from and integrate with another repository or a local branch\n   push      Update remote refs along with associated objects\n\n'git help -a' and 'git help -g' list available subcommands and some\nconcept guides. See 'git help <command>' or 'git help <concept>'\nto read about a specific subcommand or concept.\nSee 'git help git' for an overview of the system.\n""
[0m11:53:28.789549 [debug] [MainThread]: STDERR: "b''"
[0m11:53:28.789871 [info ] [MainThread]:  - git [[32mOK found[0m]

[0m11:53:28.790164 [info ] [MainThread]: Connection test skipped since no profile was found
[0m11:53:28.790542 [info ] [MainThread]: [31m2 checks failed:[0m
[0m11:53:28.790784 [info ] [MainThread]: dbt looked for a profiles.yml file in /Users/cdcoonce/.dbt/profiles.yml, but did
not find one. For more information on configuring your profile, consult the
documentation:

https://docs.getdbt.com/docs/configure-your-profile


[0m11:53:28.791028 [info ] [MainThread]: Project loading failed for the following reason:
 project path </Users/cdcoonce/Documents/GitHub/Energy_Pipeline_Project/dbt_project.yml> not found

[0m11:53:28.793466 [debug] [MainThread]: Resource report: {"command_name": "debug", "command_success": false, "command_wall_clock_time": 0.09905475, "process_in_blocks": "0", "process_kernel_time": 0.141298, "process_mem_max_rss": "96452608", "process_out_blocks": "0", "process_user_time": 1.031764}
[0m11:53:28.793936 [debug] [MainThread]: Command `dbt debug` failed at 11:53:28.793846 after 0.10 seconds
[0m11:53:28.794348 [debug] [MainThread]: Sending event: {'category': 'dbt', 'action': 'invocation', 'label': 'end', 'context': [<snowplow_tracker.self_describing_json.SelfDescribingJson object at 0x105424dc0>, <snowplow_tracker.self_describing_json.SelfDescribingJson object at 0x1064839d0>, <snowplow_tracker.self_describing_json.SelfDescribingJson object at 0x1064837f0>]}
[0m11:53:28.794731 [debug] [MainThread]: Flushing usage events
[0m11:53:29.181627 [debug] [MainThread]: An error was encountered while trying to flush usage events
[0m12:00:33.309202 [debug] [MainThread]: Sending event: {'category': 'dbt', 'action': 'invocation', 'label': 'start', 'context': [<snowplow_tracker.self_describing_json.SelfDescribingJson object at 0x103c67d60>, <snowplow_tracker.self_describing_json.SelfDescribingJson object at 0x1057d76d0>, <snowplow_tracker.self_describing_json.SelfDescribingJson object at 0x1057d7a00>]}


============================== 12:00:33.312967 | 90d3fe5d-521f-4724-8f80-139c1dccac88 ==============================
[0m12:00:33.312967 [info ] [MainThread]: Running with dbt=1.10.2
[0m12:00:33.313409 [debug] [MainThread]: running dbt with arguments {'printer_width': '80', 'indirect_selection': 'eager', 'log_cache_events': 'False', 'write_json': 'True', 'partial_parse': 'True', 'cache_selected_only': 'False', 'warn_error': 'None', 'fail_fast': 'False', 'version_check': 'True', 'log_path': 'logs', 'debug': 'False', 'profiles_dir': '/Users/cdcoonce/.dbt', 'use_colors': 'True', 'use_experimental_parser': 'False', 'empty': 'None', 'quiet': 'False', 'no_print': 'None', 'warn_error_options': 'WarnErrorOptionsV2(error=[], warn=[], silence=[])', 'static_parser': 'True', 'introspect': 'True', 'invocation_command': 'dbt debug', 'target_path': 'None', 'log_format': 'default', 'send_anonymous_usage_stats': 'True'}
[0m12:00:33.326245 [info ] [MainThread]: dbt version: 1.10.2
[0m12:00:33.326680 [info ] [MainThread]: python version: 3.9.6
[0m12:00:33.326937 [info ] [MainThread]: python path: /Users/cdcoonce/Documents/GitHub/Energy_Pipeline_Project/.venv/bin/python3
[0m12:00:33.327177 [info ] [MainThread]: os info: macOS-15.5-arm64-arm-64bit
[0m12:00:33.327437 [info ] [MainThread]: Using profiles dir at /Users/cdcoonce/.dbt
[0m12:00:33.327668 [info ] [MainThread]: Using profiles.yml file at /Users/cdcoonce/.dbt/profiles.yml
[0m12:00:33.327897 [info ] [MainThread]: Using dbt_project.yml file at /Users/cdcoonce/Documents/GitHub/Energy_Pipeline_Project/dbt_project.yml
[0m12:00:33.328131 [info ] [MainThread]: Configuration:
[0m12:00:33.328354 [info ] [MainThread]:   profiles.yml file [[31mERROR not found[0m]
[0m12:00:33.328572 [info ] [MainThread]:   dbt_project.yml file [[31mERROR not found[0m]
[0m12:00:33.328790 [info ] [MainThread]: Required dependencies:
[0m12:00:33.329076 [debug] [MainThread]: Executing "git --help"
[0m12:00:33.345940 [debug] [MainThread]: STDOUT: "b"usage: git [-v | --version] [-h | --help] [-C <path>] [-c <name>=<value>]\n           [--exec-path[=<path>]] [--html-path] [--man-path] [--info-path]\n           [-p | --paginate | -P | --no-pager] [--no-replace-objects] [--bare]\n           [--git-dir=<path>] [--work-tree=<path>] [--namespace=<name>]\n           [--super-prefix=<path>] [--config-env=<name>=<envvar>]\n           <command> [<args>]\n\nThese are common Git commands used in various situations:\n\nstart a working area (see also: git help tutorial)\n   clone     Clone a repository into a new directory\n   init      Create an empty Git repository or reinitialize an existing one\n\nwork on the current change (see also: git help everyday)\n   add       Add file contents to the index\n   mv        Move or rename a file, a directory, or a symlink\n   restore   Restore working tree files\n   rm        Remove files from the working tree and from the index\n\nexamine the history and state (see also: git help revisions)\n   bisect    Use binary search to find the commit that introduced a bug\n   diff      Show changes between commits, commit and working tree, etc\n   grep      Print lines matching a pattern\n   log       Show commit logs\n   show      Show various types of objects\n   status    Show the working tree status\n\ngrow, mark and tweak your common history\n   branch    List, create, or delete branches\n   commit    Record changes to the repository\n   merge     Join two or more development histories together\n   rebase    Reapply commits on top of another base tip\n   reset     Reset current HEAD to the specified state\n   switch    Switch branches\n   tag       Create, list, delete or verify a tag object signed with GPG\n\ncollaborate (see also: git help workflows)\n   fetch     Download objects and refs from another repository\n   pull      Fetch from and integrate with another repository or a local branch\n   push      Update remote refs along with associated objects\n\n'git help -a' and 'git help -g' list available subcommands and some\nconcept guides. See 'git help <command>' or 'git help <concept>'\nto read about a specific subcommand or concept.\nSee 'git help git' for an overview of the system.\n""
[0m12:00:33.346697 [debug] [MainThread]: STDERR: "b''"
[0m12:00:33.346999 [info ] [MainThread]:  - git [[32mOK found[0m]

[0m12:00:33.347280 [info ] [MainThread]: Connection test skipped since no profile was found
[0m12:00:33.347627 [info ] [MainThread]: [31m2 checks failed:[0m
[0m12:00:33.347876 [info ] [MainThread]: dbt looked for a profiles.yml file in /Users/cdcoonce/.dbt/profiles.yml, but did
not find one. For more information on configuring your profile, consult the
documentation:

https://docs.getdbt.com/docs/configure-your-profile


[0m12:00:33.348117 [info ] [MainThread]: Project loading failed for the following reason:
 project path </Users/cdcoonce/Documents/GitHub/Energy_Pipeline_Project/dbt_project.yml> not found

[0m12:00:33.350500 [debug] [MainThread]: Resource report: {"command_name": "debug", "command_success": false, "command_wall_clock_time": 0.09936875, "process_in_blocks": "0", "process_kernel_time": 0.133762, "process_mem_max_rss": "96665600", "process_out_blocks": "0", "process_user_time": 1.02561}
[0m12:00:33.351037 [debug] [MainThread]: Command `dbt debug` failed at 12:00:33.350937 after 0.10 seconds
[0m12:00:33.351456 [debug] [MainThread]: Sending event: {'category': 'dbt', 'action': 'invocation', 'label': 'end', 'context': [<snowplow_tracker.self_describing_json.SelfDescribingJson object at 0x103c67d60>, <snowplow_tracker.self_describing_json.SelfDescribingJson object at 0x1057d76d0>, <snowplow_tracker.self_describing_json.SelfDescribingJson object at 0x1057d7040>]}
[0m12:00:33.351854 [debug] [MainThread]: Flushing usage events
[0m12:00:33.781492 [debug] [MainThread]: An error was encountered while trying to flush usage events
[0m12:02:21.184117 [debug] [MainThread]: Sending event: {'category': 'dbt', 'action': 'invocation', 'label': 'start', 'context': [<snowplow_tracker.self_describing_json.SelfDescribingJson object at 0x103fb8dc0>, <snowplow_tracker.self_describing_json.SelfDescribingJson object at 0x10531a6a0>, <snowplow_tracker.self_describing_json.SelfDescribingJson object at 0x10531a9d0>]}


============================== 12:02:21.187653 | ac9e8c86-ad84-441f-b16d-f6e1763f3dea ==============================
[0m12:02:21.187653 [info ] [MainThread]: Running with dbt=1.10.2
[0m12:02:21.188103 [debug] [MainThread]: running dbt with arguments {'printer_width': '80', 'indirect_selection': 'eager', 'log_cache_events': 'False', 'write_json': 'True', 'partial_parse': 'True', 'cache_selected_only': 'False', 'warn_error': 'None', 'fail_fast': 'False', 'debug': 'False', 'log_path': 'logs', 'profiles_dir': '/Users/cdcoonce/Documents/GitHub/Energy_Pipeline_Project', 'version_check': 'True', 'use_colors': 'True', 'use_experimental_parser': 'False', 'no_print': 'None', 'quiet': 'False', 'empty': 'None', 'log_format': 'default', 'invocation_command': 'dbt debug', 'introspect': 'True', 'warn_error_options': 'WarnErrorOptionsV2(error=[], warn=[], silence=[])', 'target_path': 'None', 'static_parser': 'True', 'send_anonymous_usage_stats': 'True'}
[0m12:02:21.199919 [info ] [MainThread]: dbt version: 1.10.2
[0m12:02:21.200306 [info ] [MainThread]: python version: 3.9.6
[0m12:02:21.200556 [info ] [MainThread]: python path: /Users/cdcoonce/Documents/GitHub/Energy_Pipeline_Project/.venv/bin/python3
[0m12:02:21.200791 [info ] [MainThread]: os info: macOS-15.5-arm64-arm-64bit
[0m12:02:21.203639 [info ] [MainThread]: Error importing adapter: No module named 'dbt.adapters.duckdb'
[0m12:02:21.204040 [info ] [MainThread]: Using profiles dir at /Users/cdcoonce/Documents/GitHub/Energy_Pipeline_Project
[0m12:02:21.204280 [info ] [MainThread]: Using profiles.yml file at /Users/cdcoonce/Documents/GitHub/Energy_Pipeline_Project/profiles.yml
[0m12:02:21.204508 [info ] [MainThread]: Using dbt_project.yml file at /Users/cdcoonce/Documents/GitHub/Energy_Pipeline_Project/dbt_project.yml
[0m12:02:21.204739 [info ] [MainThread]: Configuration:
[0m12:02:21.204956 [info ] [MainThread]:   profiles.yml file [[31mERROR invalid[0m]
[0m12:02:21.205171 [info ] [MainThread]:   dbt_project.yml file [[31mERROR not found[0m]
[0m12:02:21.205383 [info ] [MainThread]: Required dependencies:
[0m12:02:21.205636 [debug] [MainThread]: Executing "git --help"
[0m12:02:21.219941 [debug] [MainThread]: STDOUT: "b"usage: git [-v | --version] [-h | --help] [-C <path>] [-c <name>=<value>]\n           [--exec-path[=<path>]] [--html-path] [--man-path] [--info-path]\n           [-p | --paginate | -P | --no-pager] [--no-replace-objects] [--bare]\n           [--git-dir=<path>] [--work-tree=<path>] [--namespace=<name>]\n           [--super-prefix=<path>] [--config-env=<name>=<envvar>]\n           <command> [<args>]\n\nThese are common Git commands used in various situations:\n\nstart a working area (see also: git help tutorial)\n   clone     Clone a repository into a new directory\n   init      Create an empty Git repository or reinitialize an existing one\n\nwork on the current change (see also: git help everyday)\n   add       Add file contents to the index\n   mv        Move or rename a file, a directory, or a symlink\n   restore   Restore working tree files\n   rm        Remove files from the working tree and from the index\n\nexamine the history and state (see also: git help revisions)\n   bisect    Use binary search to find the commit that introduced a bug\n   diff      Show changes between commits, commit and working tree, etc\n   grep      Print lines matching a pattern\n   log       Show commit logs\n   show      Show various types of objects\n   status    Show the working tree status\n\ngrow, mark and tweak your common history\n   branch    List, create, or delete branches\n   commit    Record changes to the repository\n   merge     Join two or more development histories together\n   rebase    Reapply commits on top of another base tip\n   reset     Reset current HEAD to the specified state\n   switch    Switch branches\n   tag       Create, list, delete or verify a tag object signed with GPG\n\ncollaborate (see also: git help workflows)\n   fetch     Download objects and refs from another repository\n   pull      Fetch from and integrate with another repository or a local branch\n   push      Update remote refs along with associated objects\n\n'git help -a' and 'git help -g' list available subcommands and some\nconcept guides. See 'git help <command>' or 'git help <concept>'\nto read about a specific subcommand or concept.\nSee 'git help git' for an overview of the system.\n""
[0m12:02:21.221022 [debug] [MainThread]: STDERR: "b''"
[0m12:02:21.221614 [info ] [MainThread]:  - git [[32mOK found[0m]

[0m12:02:21.221865 [info ] [MainThread]: Connection test skipped since no profile was found
[0m12:02:21.222183 [info ] [MainThread]: [31m2 checks failed:[0m
[0m12:02:21.222413 [info ] [MainThread]: Could not load dbt_project.yml
Profile loading failed for the following reason:
Runtime Error
  Credentials in profile "energy_pipeline_project", target "dev" invalid: Runtime Error
    Could not find adapter type duckdb!


[0m12:02:21.222648 [info ] [MainThread]: Project loading failed for the following reason:
 project path </Users/cdcoonce/Documents/GitHub/Energy_Pipeline_Project/dbt_project.yml> not found

[0m12:02:21.225074 [debug] [MainThread]: Resource report: {"command_name": "debug", "command_success": false, "command_wall_clock_time": 0.097583, "process_in_blocks": "0", "process_kernel_time": 0.13091, "process_mem_max_rss": "96944128", "process_out_blocks": "0", "process_user_time": 1.044473}
[0m12:02:21.225647 [debug] [MainThread]: Command `dbt debug` failed at 12:02:21.225541 after 0.10 seconds
[0m12:02:21.226047 [debug] [MainThread]: Sending event: {'category': 'dbt', 'action': 'invocation', 'label': 'end', 'context': [<snowplow_tracker.self_describing_json.SelfDescribingJson object at 0x103fb8dc0>, <snowplow_tracker.self_describing_json.SelfDescribingJson object at 0x1053b8d90>, <snowplow_tracker.self_describing_json.SelfDescribingJson object at 0x1053b8a60>]}
[0m12:02:21.226442 [debug] [MainThread]: Flushing usage events
[0m12:02:21.623821 [debug] [MainThread]: An error was encountered while trying to flush usage events
[0m12:12:16.630908 [debug] [MainThread]: Sending event: {'category': 'dbt', 'action': 'invocation', 'label': 'start', 'context': [<snowplow_tracker.self_describing_json.SelfDescribingJson object at 0x1061e7d90>, <snowplow_tracker.self_describing_json.SelfDescribingJson object at 0x10755b6a0>, <snowplow_tracker.self_describing_json.SelfDescribingJson object at 0x10755b9d0>]}


============================== 12:12:16.635433 | 30a3d9ca-4b81-4327-b243-16827f8afeba ==============================
[0m12:12:16.635433 [info ] [MainThread]: Running with dbt=1.10.2
[0m12:12:16.635877 [debug] [MainThread]: running dbt with arguments {'printer_width': '80', 'indirect_selection': 'eager', 'write_json': 'True', 'log_cache_events': 'False', 'partial_parse': 'True', 'cache_selected_only': 'False', 'warn_error': 'None', 'version_check': 'True', 'fail_fast': 'False', 'log_path': 'logs', 'profiles_dir': '/Users/cdcoonce/.dbt', 'debug': 'False', 'use_colors': 'True', 'use_experimental_parser': 'False', 'no_print': 'None', 'quiet': 'False', 'empty': 'None', 'log_format': 'default', 'introspect': 'True', 'invocation_command': 'dbt debug', 'static_parser': 'True', 'target_path': 'None', 'warn_error_options': 'WarnErrorOptionsV2(error=[], warn=[], silence=[])', 'send_anonymous_usage_stats': 'True'}
[0m12:12:16.645703 [info ] [MainThread]: dbt version: 1.10.2
[0m12:12:16.646048 [info ] [MainThread]: python version: 3.9.6
[0m12:12:16.646297 [info ] [MainThread]: python path: /Users/cdcoonce/Documents/GitHub/Energy_Pipeline_Project/.venv/bin/python3
[0m12:12:16.646532 [info ] [MainThread]: os info: macOS-15.5-arm64-arm-64bit
[0m12:12:16.732924 [info ] [MainThread]: Using profiles dir at /Users/cdcoonce/.dbt
[0m12:12:16.733337 [info ] [MainThread]: Using profiles.yml file at /Users/cdcoonce/.dbt/profiles.yml
[0m12:12:16.733589 [info ] [MainThread]: Using dbt_project.yml file at /Users/cdcoonce/Documents/GitHub/Energy_Pipeline_Project/dbt_project.yml
[0m12:12:16.735257 [info ] [MainThread]: adapter type: duckdb
[0m12:12:16.735557 [info ] [MainThread]: adapter version: 1.9.4
[0m12:12:16.735819 [info ] [MainThread]: Configuration:
[0m12:12:16.736055 [info ] [MainThread]:   profiles.yml file [[32mOK found and valid[0m]
[0m12:12:16.736280 [info ] [MainThread]:   dbt_project.yml file [[31mERROR not found[0m]
[0m12:12:16.736498 [info ] [MainThread]: Required dependencies:
[0m12:12:16.736769 [debug] [MainThread]: Executing "git --help"
[0m12:12:16.753373 [debug] [MainThread]: STDOUT: "b"usage: git [-v | --version] [-h | --help] [-C <path>] [-c <name>=<value>]\n           [--exec-path[=<path>]] [--html-path] [--man-path] [--info-path]\n           [-p | --paginate | -P | --no-pager] [--no-replace-objects] [--bare]\n           [--git-dir=<path>] [--work-tree=<path>] [--namespace=<name>]\n           [--super-prefix=<path>] [--config-env=<name>=<envvar>]\n           <command> [<args>]\n\nThese are common Git commands used in various situations:\n\nstart a working area (see also: git help tutorial)\n   clone     Clone a repository into a new directory\n   init      Create an empty Git repository or reinitialize an existing one\n\nwork on the current change (see also: git help everyday)\n   add       Add file contents to the index\n   mv        Move or rename a file, a directory, or a symlink\n   restore   Restore working tree files\n   rm        Remove files from the working tree and from the index\n\nexamine the history and state (see also: git help revisions)\n   bisect    Use binary search to find the commit that introduced a bug\n   diff      Show changes between commits, commit and working tree, etc\n   grep      Print lines matching a pattern\n   log       Show commit logs\n   show      Show various types of objects\n   status    Show the working tree status\n\ngrow, mark and tweak your common history\n   branch    List, create, or delete branches\n   commit    Record changes to the repository\n   merge     Join two or more development histories together\n   rebase    Reapply commits on top of another base tip\n   reset     Reset current HEAD to the specified state\n   switch    Switch branches\n   tag       Create, list, delete or verify a tag object signed with GPG\n\ncollaborate (see also: git help workflows)\n   fetch     Download objects and refs from another repository\n   pull      Fetch from and integrate with another repository or a local branch\n   push      Update remote refs along with associated objects\n\n'git help -a' and 'git help -g' list available subcommands and some\nconcept guides. See 'git help <command>' or 'git help <concept>'\nto read about a specific subcommand or concept.\nSee 'git help git' for an overview of the system.\n""
[0m12:12:16.754091 [debug] [MainThread]: STDERR: "b''"
[0m12:12:16.754395 [info ] [MainThread]:  - git [[32mOK found[0m]

[0m12:12:16.754671 [info ] [MainThread]: Connection:
[0m12:12:16.754949 [info ] [MainThread]:   database: energy_pipeline
[0m12:12:16.755174 [info ] [MainThread]:   schema: main
[0m12:12:16.755393 [info ] [MainThread]:   path: ./energy_pipeline.duckdb
[0m12:12:16.755609 [info ] [MainThread]:   config_options: None
[0m12:12:16.755824 [info ] [MainThread]:   extensions: None
[0m12:12:16.756044 [info ] [MainThread]:   settings: {}
[0m12:12:16.756254 [info ] [MainThread]:   external_root: .
[0m12:12:16.756463 [info ] [MainThread]:   use_credential_provider: None
[0m12:12:16.756672 [info ] [MainThread]:   attach: None
[0m12:12:16.756884 [info ] [MainThread]:   filesystems: None
[0m12:12:16.757094 [info ] [MainThread]:   remote: None
[0m12:12:16.757305 [info ] [MainThread]:   plugins: None
[0m12:12:16.757517 [info ] [MainThread]:   disable_transactions: False
[0m12:12:16.758003 [info ] [MainThread]: Registered adapter: duckdb=1.9.4
[0m12:12:16.881980 [debug] [MainThread]: Acquiring new duckdb connection 'debug'
[0m12:12:16.921145 [debug] [MainThread]: Using duckdb connection "debug"
[0m12:12:16.921517 [debug] [MainThread]: On debug: select 1 as id
[0m12:12:16.921759 [debug] [MainThread]: Opening a new connection, currently in state init
[0m12:12:16.931654 [debug] [MainThread]: SQL status: OK in 0.010 seconds
[0m12:12:16.932351 [debug] [MainThread]: On debug: Close
[0m12:12:16.932640 [info ] [MainThread]:   Connection test: [[32mOK connection ok[0m]

[0m12:12:16.932925 [info ] [MainThread]: [31m1 check failed:[0m
[0m12:12:16.933154 [info ] [MainThread]: Project loading failed for the following reason:
 project path </Users/cdcoonce/Documents/GitHub/Energy_Pipeline_Project/dbt_project.yml> not found

[0m12:12:16.935230 [debug] [MainThread]: Resource report: {"command_name": "debug", "command_success": false, "command_wall_clock_time": 0.36133063, "process_in_blocks": "0", "process_kernel_time": 0.198796, "process_mem_max_rss": "124076032", "process_out_blocks": "0", "process_user_time": 1.198902}
[0m12:12:16.935611 [debug] [MainThread]: Command `dbt debug` failed at 12:12:16.935531 after 0.36 seconds
[0m12:12:16.935945 [debug] [MainThread]: Connection 'debug' was properly closed.
[0m12:12:16.936410 [debug] [MainThread]: Sending event: {'category': 'dbt', 'action': 'invocation', 'label': 'end', 'context': [<snowplow_tracker.self_describing_json.SelfDescribingJson object at 0x1061e7d90>, <snowplow_tracker.self_describing_json.SelfDescribingJson object at 0x107d1adc0>, <snowplow_tracker.self_describing_json.SelfDescribingJson object at 0x10790d130>]}
[0m12:12:16.936799 [debug] [MainThread]: Flushing usage events
[0m12:12:17.340486 [debug] [MainThread]: An error was encountered while trying to flush usage events
[0m12:20:27.405609 [debug] [MainThread]: Sending event: {'category': 'dbt', 'action': 'invocation', 'label': 'start', 'context': [<snowplow_tracker.self_describing_json.SelfDescribingJson object at 0x107eb8e20>, <snowplow_tracker.self_describing_json.SelfDescribingJson object at 0x10911c6d0>, <snowplow_tracker.self_describing_json.SelfDescribingJson object at 0x10911ca00>]}


============================== 12:20:27.410217 | 185d6f69-a39b-4482-ac3f-77f764a95a6a ==============================
[0m12:20:27.410217 [info ] [MainThread]: Running with dbt=1.10.2
[0m12:20:27.410695 [debug] [MainThread]: running dbt with arguments {'printer_width': '80', 'indirect_selection': 'eager', 'write_json': 'True', 'log_cache_events': 'False', 'partial_parse': 'True', 'cache_selected_only': 'False', 'profiles_dir': '/Users/cdcoonce/.dbt', 'version_check': 'True', 'warn_error': 'None', 'log_path': 'logs', 'debug': 'False', 'fail_fast': 'False', 'use_colors': 'True', 'use_experimental_parser': 'False', 'no_print': 'None', 'quiet': 'False', 'empty': 'None', 'warn_error_options': 'WarnErrorOptionsV2(error=[], warn=[], silence=[])', 'introspect': 'True', 'log_format': 'default', 'invocation_command': 'dbt debug', 'target_path': 'None', 'static_parser': 'True', 'send_anonymous_usage_stats': 'True'}
[0m12:20:27.421150 [info ] [MainThread]: dbt version: 1.10.2
[0m12:20:27.421512 [info ] [MainThread]: python version: 3.9.6
[0m12:20:27.421760 [info ] [MainThread]: python path: /Users/cdcoonce/Documents/GitHub/Energy_Pipeline_Project/.venv/bin/python3
[0m12:20:27.422039 [info ] [MainThread]: os info: macOS-15.5-arm64-arm-64bit
[0m12:20:27.506437 [info ] [MainThread]: Using profiles dir at /Users/cdcoonce/.dbt
[0m12:20:27.506875 [info ] [MainThread]: Using profiles.yml file at /Users/cdcoonce/.dbt/profiles.yml
[0m12:20:27.507128 [info ] [MainThread]: Using dbt_project.yml file at /Users/cdcoonce/Documents/GitHub/Energy_Pipeline_Project/dbt_project.yml
[0m12:20:27.508837 [info ] [MainThread]: adapter type: duckdb
[0m12:20:27.509134 [info ] [MainThread]: adapter version: 1.9.4
[0m12:20:27.509388 [info ] [MainThread]: Configuration:
[0m12:20:27.509620 [info ] [MainThread]:   profiles.yml file [[32mOK found and valid[0m]
[0m12:20:27.509852 [info ] [MainThread]:   dbt_project.yml file [[31mERROR not found[0m]
[0m12:20:27.510075 [info ] [MainThread]: Required dependencies:
[0m12:20:27.510349 [debug] [MainThread]: Executing "git --help"
[0m12:20:27.524321 [debug] [MainThread]: STDOUT: "b"usage: git [-v | --version] [-h | --help] [-C <path>] [-c <name>=<value>]\n           [--exec-path[=<path>]] [--html-path] [--man-path] [--info-path]\n           [-p | --paginate | -P | --no-pager] [--no-replace-objects] [--bare]\n           [--git-dir=<path>] [--work-tree=<path>] [--namespace=<name>]\n           [--super-prefix=<path>] [--config-env=<name>=<envvar>]\n           <command> [<args>]\n\nThese are common Git commands used in various situations:\n\nstart a working area (see also: git help tutorial)\n   clone     Clone a repository into a new directory\n   init      Create an empty Git repository or reinitialize an existing one\n\nwork on the current change (see also: git help everyday)\n   add       Add file contents to the index\n   mv        Move or rename a file, a directory, or a symlink\n   restore   Restore working tree files\n   rm        Remove files from the working tree and from the index\n\nexamine the history and state (see also: git help revisions)\n   bisect    Use binary search to find the commit that introduced a bug\n   diff      Show changes between commits, commit and working tree, etc\n   grep      Print lines matching a pattern\n   log       Show commit logs\n   show      Show various types of objects\n   status    Show the working tree status\n\ngrow, mark and tweak your common history\n   branch    List, create, or delete branches\n   commit    Record changes to the repository\n   merge     Join two or more development histories together\n   rebase    Reapply commits on top of another base tip\n   reset     Reset current HEAD to the specified state\n   switch    Switch branches\n   tag       Create, list, delete or verify a tag object signed with GPG\n\ncollaborate (see also: git help workflows)\n   fetch     Download objects and refs from another repository\n   pull      Fetch from and integrate with another repository or a local branch\n   push      Update remote refs along with associated objects\n\n'git help -a' and 'git help -g' list available subcommands and some\nconcept guides. See 'git help <command>' or 'git help <concept>'\nto read about a specific subcommand or concept.\nSee 'git help git' for an overview of the system.\n""
[0m12:20:27.525024 [debug] [MainThread]: STDERR: "b''"
[0m12:20:27.525319 [info ] [MainThread]:  - git [[32mOK found[0m]

[0m12:20:27.525577 [info ] [MainThread]: Connection:
[0m12:20:27.525868 [info ] [MainThread]:   database: energy
[0m12:20:27.526092 [info ] [MainThread]:   schema: main
[0m12:20:27.526497 [info ] [MainThread]:   path: /Users/cdcoonce/Documents/GitHub/Energy_Pipeline_Project/data/energy.duckdb
[0m12:20:27.526781 [info ] [MainThread]:   config_options: None
[0m12:20:27.527016 [info ] [MainThread]:   extensions: None
[0m12:20:27.527241 [info ] [MainThread]:   settings: {}
[0m12:20:27.527461 [info ] [MainThread]:   external_root: .
[0m12:20:27.527678 [info ] [MainThread]:   use_credential_provider: None
[0m12:20:27.527896 [info ] [MainThread]:   attach: None
[0m12:20:27.528110 [info ] [MainThread]:   filesystems: None
[0m12:20:27.528325 [info ] [MainThread]:   remote: None
[0m12:20:27.528542 [info ] [MainThread]:   plugins: None
[0m12:20:27.528756 [info ] [MainThread]:   disable_transactions: False
[0m12:20:27.529276 [info ] [MainThread]: Registered adapter: duckdb=1.9.4
[0m12:20:27.622832 [debug] [MainThread]: Acquiring new duckdb connection 'debug'
[0m12:20:27.656548 [debug] [MainThread]: Using duckdb connection "debug"
[0m12:20:27.656870 [debug] [MainThread]: On debug: select 1 as id
[0m12:20:27.657110 [debug] [MainThread]: Opening a new connection, currently in state init
[0m12:20:27.666772 [debug] [MainThread]: DuckDB adapter: Error running SQL: select 1 as id
[0m12:20:27.667116 [debug] [MainThread]: DuckDB adapter: Rolling back transaction.
[0m12:20:27.667457 [info ] [MainThread]:   Connection test: [[31mERROR[0m]

[0m12:20:27.667798 [info ] [MainThread]: [31m2 checks failed:[0m
[0m12:20:27.668039 [info ] [MainThread]: Project loading failed for the following reason:
 project path </Users/cdcoonce/Documents/GitHub/Energy_Pipeline_Project/dbt_project.yml> not found

[0m12:20:27.668289 [info ] [MainThread]: dbt was unable to connect to the specified database.
The database returned the following error:

  >Runtime Error
  IO Error: Could not set lock on file "/Users/cdcoonce/Documents/GitHub/Energy_Pipeline_Project/data/energy.duckdb": Conflicting lock is held in /Library/Developer/CommandLineTools/Library/Frameworks/Python3.framework/Versions/3.9/Resources/Python.app/Contents/MacOS/Python (PID 16422) by user cdcoonce. See also https://duckdb.org/docs/stable/connect/concurrency

Check your database credentials and try again. For more information, visit:
https://docs.getdbt.com/docs/configure-your-profile


[0m12:20:27.670340 [debug] [MainThread]: Resource report: {"command_name": "debug", "command_success": false, "command_wall_clock_time": 0.320691, "process_in_blocks": "0", "process_kernel_time": 0.19001, "process_mem_max_rss": "118145024", "process_out_blocks": "0", "process_user_time": 1.18198}
[0m12:20:27.670745 [debug] [MainThread]: Command `dbt debug` failed at 12:20:27.670660 after 0.32 seconds
[0m12:20:27.671032 [debug] [MainThread]: Connection 'debug' was properly closed.
[0m12:20:27.671312 [debug] [MainThread]: Sending event: {'category': 'dbt', 'action': 'invocation', 'label': 'end', 'context': [<snowplow_tracker.self_describing_json.SelfDescribingJson object at 0x107eb8e20>, <snowplow_tracker.self_describing_json.SelfDescribingJson object at 0x1097d6ca0>, <snowplow_tracker.self_describing_json.SelfDescribingJson object at 0x1092b9310>]}
[0m12:20:27.671646 [debug] [MainThread]: Flushing usage events
[0m12:20:28.066213 [debug] [MainThread]: An error was encountered while trying to flush usage events
